Arguments: 
  /usr/local/Cellar/node/13.11.0/bin/node /usr/local/bin/yarn

PATH: 
  /Library/Frameworks/GDAL.framework/Programs:/Library/Frameworks/GDAL.framework/Programs:/Library/Frameworks/PROJ.framework/Programs:/Library/Frameworks/SQLite3.framework/Programs:/Library/Frameworks/UnixImageIO.framework/Programs:/usr/local/opt/mysql@5.7/bin:/usr/local/opt/php@7.0/sbin:/usr/local/opt/php@7.0/bin:/Users/terrenceoleary/sites/google-cloud-sdk/bin:/Library/Frameworks/Python.framework/Versions/3.6/bin:/usr/local/bin:/usr/local/sbin:/usr/local/mysql/bin:/usr/local/share/npm/bin:/usr/local/bin:/usr/bin:/bin:/usr/sbin:/sbin:/opt/puppetlabs/bin:/usr/local/munki:/Applications/DevDesktop/tools

Yarn version: 
  1.22.1

Node version: 
  13.11.0

Platform: 
  darwin x64

Trace: 
  SyntaxError: /Users/terrenceoleary/sites/GitHub/lingua/demo_site/package.json: Unexpected string in JSON at position 99
      at JSON.parse (<anonymous>)
      at /usr/local/lib/node_modules/yarn/lib/cli.js:1625:59
      at Generator.next (<anonymous>)
      at step (/usr/local/lib/node_modules/yarn/lib/cli.js:310:30)
      at /usr/local/lib/node_modules/yarn/lib/cli.js:321:13

npm manifest: 
  {
    "dependencies": {
      "moment": "^2.22.2",
      "typogr": "0.6.x",
      "underscore": "^1.9.1"
  		"browser-sync": "^2.26.7",
  		"bulma": "^0.9.0",
  		"dart-sass": "^1.25.0",
  		"gulp": "^4.0.2",
  		"gulp-autoprefixer": "^7.0.1",
  		"gulp-clean": "^0.4.0",
  		"gulp-flatten": "^0.4.0",
  		"gulp-font": "^1.0.4",
  		"gulp-minify": "^3.1.0",
  		"gulp-rename": "^2.0.0",
  		"gulp-sass": "^4.1.0",
  		"gulp-sourcemaps": "^2.6.5",
  		"gulp-watch": "^5.0.1",
  		"normalize-scss": "^7.0.1",
  		"run-wintersmith": "^0.0.4",
  		"sass-migrator": "^1.2.2",
  		"wintersmith": "^2.5.0"
    },
    "private": true
  }

yarn manifest: 
  No manifest

Lockfile: 
  No lockfile
